[debug] [2019-09-10T14:12:11.397Z] ----------------------------------------------------------------------
[debug] [2019-09-10T14:12:11.400Z] Command:       C:\Program Files\nodejs\node.exe C:\Users\mada7\AppData\Roaming\npm\node_modules\firebase-tools\lib\bin\firebase.js serve
[debug] [2019-09-10T14:12:11.400Z] CLI Version:   7.3.1
[debug] [2019-09-10T14:12:11.400Z] Platform:      win32
[debug] [2019-09-10T14:12:11.400Z] Node Version:  v10.16.3
[debug] [2019-09-10T14:12:11.401Z] Time:          Tue Sep 10 2019 15:12:11 GMT+0100 (British Summer Time)
[debug] [2019-09-10T14:12:11.401Z] ----------------------------------------------------------------------
[debug] 
[debug] [2019-09-10T14:12:11.409Z] > command requires scopes: ["email","openid","https://www.googleapis.com/auth/cloudplatformprojects.readonly","https://www.googleapis.com/auth/firebase","https://www.googleapis.com/auth/cloud-platform"]
[debug] [2019-09-10T14:12:11.410Z] > authorizing via signed-in user
[debug] [2019-09-10T14:12:11.410Z] [iam] checking project lanista-run for permissions ["firebase.projects.get"]
[debug] [2019-09-10T14:12:11.412Z] >>> HTTP REQUEST POST https://cloudresourcemanager.googleapis.com/v1/projects/lanista-run:testIamPermissions  

[debug] [2019-09-10T14:12:12.200Z] <<< HTTP RESPONSE 200
[debug] [2019-09-10T14:12:12.202Z] >>> HTTP REQUEST GET https://firebase.googleapis.com/v1beta1/projects/lanista-run  
 
[debug] [2019-09-10T14:12:12.448Z] <<< HTTP RESPONSE 200
[info] 
[info] === Serving from 'C:\web-dev\lanista-run'...
[info] 
[debug] [2019-09-10T14:12:12.451Z] >>> HTTP REQUEST GET https://firebase.googleapis.com/v1beta1/projects/lanista-run/webApps/-/config  
 
[debug] [2019-09-10T14:12:12.806Z] <<< HTTP RESPONSE 200
[info] i  hosting: Serving hosting files from: dist
[info] +  hosting: Local server: http://localhost:5000
